2021-12-03T05:29:55+00:00 dhcp-vl2041-12071.eduroam.cornell.edu#00 I: Runner: processes
2021-12-03T05:29:55+00:00 dhcp-vl2041-12071.eduroam.cornell.edu#00 I: Chooser: simple
2021-12-03T05:29:55+00:00 dhcp-vl2041-12071.eduroam.cornell.edu#00 I: Configuration suite_name = "suite"
2021-12-03T05:29:55+00:00 dhcp-vl2041-12071.eduroam.cornell.edu#00 I: Configuration cache_filename = "/Users/samuelqian/3110/assignment4/a4/_build/oUnit-$(suite_name).cache"
2021-12-03T05:29:55+00:00 dhcp-vl2041-12071.eduroam.cornell.edu#00 I: Configuration run_gc_full_major = "true"
2021-12-03T05:29:55+00:00 dhcp-vl2041-12071.eduroam.cornell.edu#00 I: Configuration display = "true"
2021-12-03T05:29:55+00:00 dhcp-vl2041-12071.eduroam.cornell.edu#00 I: Configuration results_style_1_X = "false"
2021-12-03T05:29:55+00:00 dhcp-vl2041-12071.eduroam.cornell.edu#00 I: Configuration testdata_dir = "none"
2021-12-03T05:29:55+00:00 dhcp-vl2041-12071.eduroam.cornell.edu#00 I: Configuration health_check_interval = "1."
2021-12-03T05:29:55+00:00 dhcp-vl2041-12071.eduroam.cornell.edu#00 I: Configuration verbose = "false"
2021-12-03T05:29:55+00:00 dhcp-vl2041-12071.eduroam.cornell.edu#00 I: Configuration chooser = "simple"
2021-12-03T05:29:55+00:00 dhcp-vl2041-12071.eduroam.cornell.edu#00 I: Configuration output_html_dir = "none"
2021-12-03T05:29:55+00:00 dhcp-vl2041-12071.eduroam.cornell.edu#00 I: Configuration processes_kill_period = "5."
2021-12-03T05:29:55+00:00 dhcp-vl2041-12071.eduroam.cornell.edu#00 I: Configuration runner = "processes"
2021-12-03T05:29:55+00:00 dhcp-vl2041-12071.eduroam.cornell.edu#00 I: Configuration shards = "2"
2021-12-03T05:29:55+00:00 dhcp-vl2041-12071.eduroam.cornell.edu#00 I: Configuration processes_grace_period = "5."
2021-12-03T05:29:55+00:00 dhcp-vl2041-12071.eduroam.cornell.edu#00 I: Configuration log_encoding = "utf-8"
2021-12-03T05:29:55+00:00 dhcp-vl2041-12071.eduroam.cornell.edu#00 I: Configuration output_junit_file = "none"
2021-12-03T05:29:55+00:00 dhcp-vl2041-12071.eduroam.cornell.edu#00 I: Configuration ci = "false"
2021-12-03T05:29:55+00:00 dhcp-vl2041-12071.eduroam.cornell.edu#00 I: Configuration output_file = "/Users/samuelqian/3110/assignment4/a4/_build/oUnit-$(suite_name)-$(shard_id).log"
2021-12-03T05:29:55+00:00 dhcp-vl2041-12071.eduroam.cornell.edu#00 I: Using 2 workers maximum.
2021-12-03T05:29:55+00:00 dhcp-vl2041-12071.eduroam.cornell.edu#00 I: Starting worker number dhcp-vl2041-12071.eduroam.cornell.edu#01.
2021-12-03T05:29:55+00:00 dhcp-vl2041-12071.eduroam.cornell.edu#00 I: Worker dhcp-vl2041-12071.eduroam.cornell.edu#01 started.
2021-12-03T05:29:55+00:00 dhcp-vl2041-12071.eduroam.cornell.edu#00 I: Starting worker number dhcp-vl2041-12071.eduroam.cornell.edu#02.
2021-12-03T05:29:55+00:00 dhcp-vl2041-12071.eduroam.cornell.edu#00 I: Worker dhcp-vl2041-12071.eduroam.cornell.edu#02 started.
2021-12-03T05:29:55+00:00 dhcp-vl2041-12071.eduroam.cornell.edu#00 I: 2 tests running: suite:1:false constant, suite:0:true constant.
2021-12-03T05:29:55+00:00 dhcp-vl2041-12071.eduroam.cornell.edu#01 I: Start test suite:0:true constant.
2021-12-03T05:29:55+00:00 dhcp-vl2041-12071.eduroam.cornell.edu#00 I: 2 tests running: suite:1:false constant, suite:0:true constant.
2021-12-03T05:29:55+00:00 dhcp-vl2041-12071.eduroam.cornell.edu#02 I: Start test suite:1:false constant.
2021-12-03T05:29:55+00:00 dhcp-vl2041-12071.eduroam.cornell.edu#00 I: 2 tests running: suite:1:false constant, suite:0:true constant.
2021-12-03T05:29:55+00:00 dhcp-vl2041-12071.eduroam.cornell.edu#01 I: Test suite:0:true constant is successful.
2021-12-03T05:29:55+00:00 dhcp-vl2041-12071.eduroam.cornell.edu#00 I: 2 tests running: suite:1:false constant, suite:0:true constant.
2021-12-03T05:29:55+00:00 dhcp-vl2041-12071.eduroam.cornell.edu#01 I: End test suite:0:true constant.
2021-12-03T05:29:55+00:00 dhcp-vl2041-12071.eduroam.cornell.edu#00 I: 2 tests running: suite:1:false constant, suite:0:true constant.
2021-12-03T05:29:55+00:00 dhcp-vl2041-12071.eduroam.cornell.edu#00 I: 2 tests running: suite:2:positive int constant, suite:1:false constant.
2021-12-03T05:29:55+00:00 dhcp-vl2041-12071.eduroam.cornell.edu#01 I: Start test suite:2:positive int constant.
2021-12-03T05:29:55+00:00 dhcp-vl2041-12071.eduroam.cornell.edu#00 I: 2 tests running: suite:2:positive int constant, suite:1:false constant.
2021-12-03T05:29:55+00:00 dhcp-vl2041-12071.eduroam.cornell.edu#02 I: Test suite:1:false constant is successful.
2021-12-03T05:29:55+00:00 dhcp-vl2041-12071.eduroam.cornell.edu#00 I: 2 tests running: suite:2:positive int constant, suite:1:false constant.
2021-12-03T05:29:55+00:00 dhcp-vl2041-12071.eduroam.cornell.edu#02 I: End test suite:1:false constant.
2021-12-03T05:29:55+00:00 dhcp-vl2041-12071.eduroam.cornell.edu#00 I: 2 tests running: suite:2:positive int constant, suite:1:false constant.
2021-12-03T05:29:55+00:00 dhcp-vl2041-12071.eduroam.cornell.edu#00 I: 2 tests running: suite:3:random string with spaces, suite:2:positive int constant.
2021-12-03T05:29:55+00:00 dhcp-vl2041-12071.eduroam.cornell.edu#01 I: Test suite:2:positive int constant is successful.
2021-12-03T05:29:55+00:00 dhcp-vl2041-12071.eduroam.cornell.edu#02 I: Start test suite:3:random string with spaces.
2021-12-03T05:29:55+00:00 dhcp-vl2041-12071.eduroam.cornell.edu#00 I: 2 tests running: suite:3:random string with spaces, suite:2:positive int constant.
2021-12-03T05:29:55+00:00 dhcp-vl2041-12071.eduroam.cornell.edu#01 I: End test suite:2:positive int constant.
2021-12-03T05:29:55+00:00 dhcp-vl2041-12071.eduroam.cornell.edu#00 I: 2 tests running: suite:3:random string with spaces, suite:2:positive int constant.
2021-12-03T05:29:55+00:00 dhcp-vl2041-12071.eduroam.cornell.edu#00 I: 2 tests running: suite:4:empty string, suite:3:random string with spaces.
2021-12-03T05:29:55+00:00 dhcp-vl2041-12071.eduroam.cornell.edu#01 I: Start test suite:4:empty string.
2021-12-03T05:29:55+00:00 dhcp-vl2041-12071.eduroam.cornell.edu#00 I: 2 tests running: suite:4:empty string, suite:3:random string with spaces.
2021-12-03T05:29:55+00:00 dhcp-vl2041-12071.eduroam.cornell.edu#02 I: Test suite:3:random string with spaces is successful.
2021-12-03T05:29:55+00:00 dhcp-vl2041-12071.eduroam.cornell.edu#01 I: Test suite:4:empty string is successful.
2021-12-03T05:29:55+00:00 dhcp-vl2041-12071.eduroam.cornell.edu#00 I: 2 tests running: suite:4:empty string, suite:3:random string with spaces.
2021-12-03T05:29:55+00:00 dhcp-vl2041-12071.eduroam.cornell.edu#02 I: End test suite:3:random string with spaces.
2021-12-03T05:29:55+00:00 dhcp-vl2041-12071.eduroam.cornell.edu#01 I: End test suite:4:empty string.
2021-12-03T05:29:55+00:00 dhcp-vl2041-12071.eduroam.cornell.edu#00 I: 2 tests running: suite:4:empty string, suite:3:random string with spaces.
2021-12-03T05:29:55+00:00 dhcp-vl2041-12071.eduroam.cornell.edu#00 I: 2 tests running: suite:6:typeof int, suite:5:undefined.
2021-12-03T05:29:55+00:00 dhcp-vl2041-12071.eduroam.cornell.edu#01 I: Start test suite:5:undefined.
2021-12-03T05:29:55+00:00 dhcp-vl2041-12071.eduroam.cornell.edu#00 I: 2 tests running: suite:6:typeof int, suite:5:undefined.
2021-12-03T05:29:55+00:00 dhcp-vl2041-12071.eduroam.cornell.edu#02 I: Start test suite:6:typeof int.
2021-12-03T05:29:55+00:00 dhcp-vl2041-12071.eduroam.cornell.edu#00 I: 2 tests running: suite:6:typeof int, suite:5:undefined.
2021-12-03T05:29:55+00:00 dhcp-vl2041-12071.eduroam.cornell.edu#01 I: Test suite:5:undefined is successful.
2021-12-03T05:29:55+00:00 dhcp-vl2041-12071.eduroam.cornell.edu#00 I: 2 tests running: suite:6:typeof int, suite:5:undefined.
2021-12-03T05:29:55+00:00 dhcp-vl2041-12071.eduroam.cornell.edu#01 I: End test suite:5:undefined.
2021-12-03T05:29:55+00:00 dhcp-vl2041-12071.eduroam.cornell.edu#00 I: 2 tests running: suite:6:typeof int, suite:5:undefined.
2021-12-03T05:29:55+00:00 dhcp-vl2041-12071.eduroam.cornell.edu#00 I: 2 tests running: suite:7:typeof string, suite:6:typeof int.
2021-12-03T05:29:55+00:00 dhcp-vl2041-12071.eduroam.cornell.edu#02 I: Test suite:6:typeof int is successful.
2021-12-03T05:29:55+00:00 dhcp-vl2041-12071.eduroam.cornell.edu#00 I: 2 tests running: suite:7:typeof string, suite:6:typeof int.
2021-12-03T05:29:55+00:00 dhcp-vl2041-12071.eduroam.cornell.edu#02 I: End test suite:6:typeof int.
2021-12-03T05:29:55+00:00 dhcp-vl2041-12071.eduroam.cornell.edu#00 I: 2 tests running: suite:7:typeof string, suite:6:typeof int.
2021-12-03T05:29:55+00:00 dhcp-vl2041-12071.eduroam.cornell.edu#00 I: 2 tests running: suite:8:typeof bool, suite:7:typeof string.
2021-12-03T05:29:55+00:00 dhcp-vl2041-12071.eduroam.cornell.edu#02 I: Start test suite:8:typeof bool.
2021-12-03T05:29:55+00:00 dhcp-vl2041-12071.eduroam.cornell.edu#00 I: 2 tests running: suite:8:typeof bool, suite:7:typeof string.
2021-12-03T05:29:55+00:00 dhcp-vl2041-12071.eduroam.cornell.edu#01 I: Start test suite:7:typeof string.
2021-12-03T05:29:55+00:00 dhcp-vl2041-12071.eduroam.cornell.edu#00 I: 2 tests running: suite:8:typeof bool, suite:7:typeof string.
2021-12-03T05:29:55+00:00 dhcp-vl2041-12071.eduroam.cornell.edu#02 I: Test suite:8:typeof bool is successful.
2021-12-03T05:29:55+00:00 dhcp-vl2041-12071.eduroam.cornell.edu#00 I: 2 tests running: suite:8:typeof bool, suite:7:typeof string.
2021-12-03T05:29:55+00:00 dhcp-vl2041-12071.eduroam.cornell.edu#02 I: End test suite:8:typeof bool.
2021-12-03T05:29:55+00:00 dhcp-vl2041-12071.eduroam.cornell.edu#00 I: 2 tests running: suite:8:typeof bool, suite:7:typeof string.
2021-12-03T05:29:55+00:00 dhcp-vl2041-12071.eduroam.cornell.edu#00 I: 2 tests running: suite:9:typeof undefined, suite:7:typeof string.
2021-12-03T05:29:55+00:00 dhcp-vl2041-12071.eduroam.cornell.edu#01 I: Test suite:7:typeof string is successful.
2021-12-03T05:29:55+00:00 dhcp-vl2041-12071.eduroam.cornell.edu#02 I: Start test suite:9:typeof undefined.
2021-12-03T05:29:55+00:00 dhcp-vl2041-12071.eduroam.cornell.edu#00 I: 2 tests running: suite:9:typeof undefined, suite:7:typeof string.
2021-12-03T05:29:55+00:00 dhcp-vl2041-12071.eduroam.cornell.edu#01 I: End test suite:7:typeof string.
2021-12-03T05:29:55+00:00 dhcp-vl2041-12071.eduroam.cornell.edu#00 I: 2 tests running: suite:9:typeof undefined, suite:7:typeof string.
2021-12-03T05:29:55+00:00 dhcp-vl2041-12071.eduroam.cornell.edu#00 I: 2 tests running: suite:10:not on an int, suite:9:typeof undefined.
2021-12-03T05:29:55+00:00 dhcp-vl2041-12071.eduroam.cornell.edu#01 I: Start test suite:10:not on an int.
2021-12-03T05:29:55+00:00 dhcp-vl2041-12071.eduroam.cornell.edu#00 I: 2 tests running: suite:10:not on an int, suite:9:typeof undefined.
2021-12-03T05:29:55+00:00 dhcp-vl2041-12071.eduroam.cornell.edu#02 I: Test suite:9:typeof undefined is successful.
2021-12-03T05:29:55+00:00 dhcp-vl2041-12071.eduroam.cornell.edu#00 I: 2 tests running: suite:10:not on an int, suite:9:typeof undefined.
2021-12-03T05:29:55+00:00 dhcp-vl2041-12071.eduroam.cornell.edu#02 I: End test suite:9:typeof undefined.
2021-12-03T05:29:55+00:00 dhcp-vl2041-12071.eduroam.cornell.edu#00 I: 2 tests running: suite:10:not on an int, suite:9:typeof undefined.
2021-12-03T05:29:55+00:00 dhcp-vl2041-12071.eduroam.cornell.edu#00 I: 2 tests running: suite:11:not on an int, suite:10:not on an int.
2021-12-03T05:29:55+00:00 dhcp-vl2041-12071.eduroam.cornell.edu#02 I: Start test suite:11:not on an int.
2021-12-03T05:29:55+00:00 dhcp-vl2041-12071.eduroam.cornell.edu#00 I: 2 tests running: suite:11:not on an int, suite:10:not on an int.
2021-12-03T05:29:55+00:00 dhcp-vl2041-12071.eduroam.cornell.edu#01 I: Test suite:10:not on an int is successful.
2021-12-03T05:29:55+00:00 dhcp-vl2041-12071.eduroam.cornell.edu#00 I: 2 tests running: suite:11:not on an int, suite:10:not on an int.
2021-12-03T05:29:55+00:00 dhcp-vl2041-12071.eduroam.cornell.edu#01 I: End test suite:10:not on an int.
2021-12-03T05:29:55+00:00 dhcp-vl2041-12071.eduroam.cornell.edu#00 I: 2 tests running: suite:11:not on an int, suite:10:not on an int.
2021-12-03T05:29:55+00:00 dhcp-vl2041-12071.eduroam.cornell.edu#00 I: 2 tests running: suite:12:not on an empty string, suite:11:not on an int.
2021-12-03T05:29:55+00:00 dhcp-vl2041-12071.eduroam.cornell.edu#01 I: Start test suite:12:not on an empty string.
2021-12-03T05:29:55+00:00 dhcp-vl2041-12071.eduroam.cornell.edu#00 I: 2 tests running: suite:12:not on an empty string, suite:11:not on an int.
2021-12-03T05:29:55+00:00 dhcp-vl2041-12071.eduroam.cornell.edu#02 I: Test suite:11:not on an int is successful.
2021-12-03T05:29:55+00:00 dhcp-vl2041-12071.eduroam.cornell.edu#00 I: 2 tests running: suite:12:not on an empty string, suite:11:not on an int.
2021-12-03T05:29:55+00:00 dhcp-vl2041-12071.eduroam.cornell.edu#02 I: End test suite:11:not on an int.
2021-12-03T05:29:55+00:00 dhcp-vl2041-12071.eduroam.cornell.edu#00 I: 2 tests running: suite:12:not on an empty string, suite:11:not on an int.
2021-12-03T05:29:55+00:00 dhcp-vl2041-12071.eduroam.cornell.edu#00 I: 2 tests running: suite:13:not on a non-empty string, suite:12:not on an empty string.
2021-12-03T05:29:55+00:00 dhcp-vl2041-12071.eduroam.cornell.edu#02 I: Start test suite:13:not on a non-empty string.
2021-12-03T05:29:55+00:00 dhcp-vl2041-12071.eduroam.cornell.edu#00 I: 2 tests running: suite:13:not on a non-empty string, suite:12:not on an empty string.
2021-12-03T05:29:55+00:00 dhcp-vl2041-12071.eduroam.cornell.edu#01 I: Test suite:12:not on an empty string is successful.
2021-12-03T05:29:55+00:00 dhcp-vl2041-12071.eduroam.cornell.edu#00 I: 2 tests running: suite:13:not on a non-empty string, suite:12:not on an empty string.
2021-12-03T05:29:55+00:00 dhcp-vl2041-12071.eduroam.cornell.edu#01 I: End test suite:12:not on an empty string.
2021-12-03T05:29:55+00:00 dhcp-vl2041-12071.eduroam.cornell.edu#00 I: 2 tests running: suite:13:not on a non-empty string, suite:12:not on an empty string.
2021-12-03T05:29:55+00:00 dhcp-vl2041-12071.eduroam.cornell.edu#00 I: 2 tests running: suite:14:minus on an int, suite:13:not on a non-empty string.
2021-12-03T05:29:55+00:00 dhcp-vl2041-12071.eduroam.cornell.edu#01 I: Start test suite:14:minus on an int.
2021-12-03T05:29:55+00:00 dhcp-vl2041-12071.eduroam.cornell.edu#00 I: 2 tests running: suite:14:minus on an int, suite:13:not on a non-empty string.
2021-12-03T05:29:55+00:00 dhcp-vl2041-12071.eduroam.cornell.edu#02 I: Test suite:13:not on a non-empty string is successful.
2021-12-03T05:29:55+00:00 dhcp-vl2041-12071.eduroam.cornell.edu#00 I: 2 tests running: suite:14:minus on an int, suite:13:not on a non-empty string.
2021-12-03T05:29:55+00:00 dhcp-vl2041-12071.eduroam.cornell.edu#02 I: End test suite:13:not on a non-empty string.
2021-12-03T05:29:55+00:00 dhcp-vl2041-12071.eduroam.cornell.edu#00 I: 2 tests running: suite:14:minus on an int, suite:13:not on a non-empty string.
2021-12-03T05:29:55+00:00 dhcp-vl2041-12071.eduroam.cornell.edu#00 I: 2 tests running: suite:15:minus on an false bool, suite:14:minus on an int.
2021-12-03T05:29:55+00:00 dhcp-vl2041-12071.eduroam.cornell.edu#02 I: Start test suite:15:minus on an false bool.
2021-12-03T05:29:55+00:00 dhcp-vl2041-12071.eduroam.cornell.edu#00 I: 2 tests running: suite:15:minus on an false bool, suite:14:minus on an int.
2021-12-03T05:29:55+00:00 dhcp-vl2041-12071.eduroam.cornell.edu#01 I: Test suite:14:minus on an int is successful.
2021-12-03T05:29:55+00:00 dhcp-vl2041-12071.eduroam.cornell.edu#00 I: 2 tests running: suite:15:minus on an false bool, suite:14:minus on an int.
2021-12-03T05:29:55+00:00 dhcp-vl2041-12071.eduroam.cornell.edu#01 I: End test suite:14:minus on an int.
2021-12-03T05:29:55+00:00 dhcp-vl2041-12071.eduroam.cornell.edu#00 I: 2 tests running: suite:15:minus on an false bool, suite:14:minus on an int.
2021-12-03T05:29:55+00:00 dhcp-vl2041-12071.eduroam.cornell.edu#00 I: 2 tests running: suite:16:minus on an true bool, suite:15:minus on an false bool.
2021-12-03T05:29:55+00:00 dhcp-vl2041-12071.eduroam.cornell.edu#01 I: Start test suite:16:minus on an true bool.
2021-12-03T05:29:55+00:00 dhcp-vl2041-12071.eduroam.cornell.edu#00 I: 2 tests running: suite:16:minus on an true bool, suite:15:minus on an false bool.
2021-12-03T05:29:55+00:00 dhcp-vl2041-12071.eduroam.cornell.edu#02 I: Test suite:15:minus on an false bool is successful.
2021-12-03T05:29:55+00:00 dhcp-vl2041-12071.eduroam.cornell.edu#00 I: 2 tests running: suite:16:minus on an true bool, suite:15:minus on an false bool.
2021-12-03T05:29:55+00:00 dhcp-vl2041-12071.eduroam.cornell.edu#02 I: End test suite:15:minus on an false bool.
2021-12-03T05:29:55+00:00 dhcp-vl2041-12071.eduroam.cornell.edu#00 I: 2 tests running: suite:16:minus on an true bool, suite:15:minus on an false bool.
2021-12-03T05:29:55+00:00 dhcp-vl2041-12071.eduroam.cornell.edu#00 I: Still 2 tests running : suite:17:apply wrong arity, suite:16:minus on an true bool.
2021-12-03T05:29:55+00:00 dhcp-vl2041-12071.eduroam.cornell.edu#00 I: 2 tests running: suite:17:apply wrong arity, suite:16:minus on an true bool.
2021-12-03T05:29:55+00:00 dhcp-vl2041-12071.eduroam.cornell.edu#02 I: Start test suite:17:apply wrong arity.
2021-12-03T05:29:55+00:00 dhcp-vl2041-12071.eduroam.cornell.edu#00 I: Still 2 tests running : suite:17:apply wrong arity, suite:16:minus on an true bool.
2021-12-03T05:29:55+00:00 dhcp-vl2041-12071.eduroam.cornell.edu#00 I: 2 tests running: suite:17:apply wrong arity, suite:16:minus on an true bool.
2021-12-03T05:29:55+00:00 dhcp-vl2041-12071.eduroam.cornell.edu#01 I: Test suite:16:minus on an true bool is successful.
2021-12-03T05:29:55+00:00 dhcp-vl2041-12071.eduroam.cornell.edu#00 I: Still 2 tests running : suite:17:apply wrong arity, suite:16:minus on an true bool.
2021-12-03T05:29:55+00:00 dhcp-vl2041-12071.eduroam.cornell.edu#00 I: 2 tests running: suite:17:apply wrong arity, suite:16:minus on an true bool.
2021-12-03T05:29:55+00:00 dhcp-vl2041-12071.eduroam.cornell.edu#01 I: End test suite:16:minus on an true bool.
2021-12-03T05:29:55+00:00 dhcp-vl2041-12071.eduroam.cornell.edu#00 I: Still 2 tests running : suite:17:apply wrong arity, suite:16:minus on an true bool.
2021-12-03T05:29:55+00:00 dhcp-vl2041-12071.eduroam.cornell.edu#00 I: 2 tests running: suite:17:apply wrong arity, suite:16:minus on an true bool.
2021-12-03T05:29:55+00:00 dhcp-vl2041-12071.eduroam.cornell.edu#00 I: Still 1 tests running : suite:17:apply wrong arity.
2021-12-03T05:29:55+00:00 dhcp-vl2041-12071.eduroam.cornell.edu#00 I: 1 tests running: suite:17:apply wrong arity.
2021-12-03T05:29:55+00:00 dhcp-vl2041-12071.eduroam.cornell.edu#02 I: Test suite:17:apply wrong arity is successful.
2021-12-03T05:29:55+00:00 dhcp-vl2041-12071.eduroam.cornell.edu#00 I: Still 1 tests running : suite:17:apply wrong arity.
2021-12-03T05:29:55+00:00 dhcp-vl2041-12071.eduroam.cornell.edu#00 I: 1 tests running: suite:17:apply wrong arity.
2021-12-03T05:29:55+00:00 dhcp-vl2041-12071.eduroam.cornell.edu#02 I: End test suite:17:apply wrong arity.
2021-12-03T05:29:55+00:00 dhcp-vl2041-12071.eduroam.cornell.edu#00 I: Still 1 tests running : suite:17:apply wrong arity.
2021-12-03T05:29:55+00:00 dhcp-vl2041-12071.eduroam.cornell.edu#00 I: 1 tests running: suite:17:apply wrong arity.
2021-12-03T05:29:55+00:00 dhcp-vl2041-12071.eduroam.cornell.edu#00 I: 0 tests running: .
2021-12-03T05:29:55+00:00 dhcp-vl2041-12071.eduroam.cornell.edu#00 I: Worker dhcp-vl2041-12071.eduroam.cornell.edu#01 has ended.
2021-12-03T05:29:55+00:00 dhcp-vl2041-12071.eduroam.cornell.edu#00 I: Worker dhcp-vl2041-12071.eduroam.cornell.edu#02 died unexpectedly.
2021-12-03T05:29:55+00:00 dhcp-vl2041-12071.eduroam.cornell.edu#00 I: Used 2 worker during test execution.
2021-12-03T05:29:55+00:00 dhcp-vl2041-12071.eduroam.cornell.edu#00 I: Run 9 tests with shard dhcp-vl2041-12071.eduroam.cornell.edu#01.
2021-12-03T05:29:55+00:00 dhcp-vl2041-12071.eduroam.cornell.edu#00 I: Run 9 tests with shard dhcp-vl2041-12071.eduroam.cornell.edu#02.
2021-12-03T05:29:55+00:00 dhcp-vl2041-12071.eduroam.cornell.edu#00 I: Check health of shard dhcp-vl2041-12071.eduroam.cornell.edu#01, 4 times.
2021-12-03T05:29:55+00:00 dhcp-vl2041-12071.eduroam.cornell.edu#00 I: Check health of shard dhcp-vl2041-12071.eduroam.cornell.edu#02, 2 times.
2021-12-03T05:29:55+00:00 dhcp-vl2041-12071.eduroam.cornell.edu#00 I: ==============
2021-12-03T05:29:55+00:00 dhcp-vl2041-12071.eduroam.cornell.edu#00 I: Summary:
2021-12-03T05:29:55+00:00 dhcp-vl2041-12071.eduroam.cornell.edu#00 I: Test suite:17:apply wrong arity is successful.
2021-12-03T05:29:55+00:00 dhcp-vl2041-12071.eduroam.cornell.edu#00 I: Test suite:16:minus on an true bool is successful.
2021-12-03T05:29:55+00:00 dhcp-vl2041-12071.eduroam.cornell.edu#00 I: Test suite:15:minus on an false bool is successful.
2021-12-03T05:29:55+00:00 dhcp-vl2041-12071.eduroam.cornell.edu#00 I: Test suite:14:minus on an int is successful.
2021-12-03T05:29:55+00:00 dhcp-vl2041-12071.eduroam.cornell.edu#00 I: Test suite:13:not on a non-empty string is successful.
2021-12-03T05:29:55+00:00 dhcp-vl2041-12071.eduroam.cornell.edu#00 I: Test suite:12:not on an empty string is successful.
2021-12-03T05:29:55+00:00 dhcp-vl2041-12071.eduroam.cornell.edu#00 I: Test suite:11:not on an int is successful.
2021-12-03T05:29:55+00:00 dhcp-vl2041-12071.eduroam.cornell.edu#00 I: Test suite:10:not on an int is successful.
2021-12-03T05:29:55+00:00 dhcp-vl2041-12071.eduroam.cornell.edu#00 I: Test suite:9:typeof undefined is successful.
2021-12-03T05:29:55+00:00 dhcp-vl2041-12071.eduroam.cornell.edu#00 I: Test suite:7:typeof string is successful.
2021-12-03T05:29:55+00:00 dhcp-vl2041-12071.eduroam.cornell.edu#00 I: Test suite:8:typeof bool is successful.
2021-12-03T05:29:55+00:00 dhcp-vl2041-12071.eduroam.cornell.edu#00 I: Test suite:6:typeof int is successful.
2021-12-03T05:29:55+00:00 dhcp-vl2041-12071.eduroam.cornell.edu#00 I: Test suite:5:undefined is successful.
2021-12-03T05:29:55+00:00 dhcp-vl2041-12071.eduroam.cornell.edu#00 I: Test suite:4:empty string is successful.
2021-12-03T05:29:55+00:00 dhcp-vl2041-12071.eduroam.cornell.edu#00 I: Test suite:3:random string with spaces is successful.
2021-12-03T05:29:55+00:00 dhcp-vl2041-12071.eduroam.cornell.edu#00 I: Test suite:2:positive int constant is successful.
2021-12-03T05:29:55+00:00 dhcp-vl2041-12071.eduroam.cornell.edu#00 I: Test suite:1:false constant is successful.
2021-12-03T05:29:55+00:00 dhcp-vl2041-12071.eduroam.cornell.edu#00 I: Test suite:0:true constant is successful.
2021-12-03T05:29:55+00:00 dhcp-vl2041-12071.eduroam.cornell.edu#00 I: Ran: 18 tests in: 0.12 seconds.
2021-12-03T05:29:55+00:00 dhcp-vl2041-12071.eduroam.cornell.edu#00 I: Cases: 18.
2021-12-03T05:29:55+00:00 dhcp-vl2041-12071.eduroam.cornell.edu#00 I: Tried: 18.
2021-12-03T05:29:55+00:00 dhcp-vl2041-12071.eduroam.cornell.edu#00 I: Errors: 0.
2021-12-03T05:29:55+00:00 dhcp-vl2041-12071.eduroam.cornell.edu#00 I: Failures: 0.
2021-12-03T05:29:55+00:00 dhcp-vl2041-12071.eduroam.cornell.edu#00 I: Skip: 0.
2021-12-03T05:29:55+00:00 dhcp-vl2041-12071.eduroam.cornell.edu#00 I: Todo: 0.
2021-12-03T05:29:55+00:00 dhcp-vl2041-12071.eduroam.cornell.edu#00 I: Timeout: 0.
